2022-05-25 10:39:47.286  INFO 6720 --- [main] com.midd.core.MiddlewareApplication      : Starting MiddlewareApplication using Java 18.0.1.1 on DESKTOP-9TFUPPJ with PID 6720 (C:\TCS_Proyecto\middleware_tcs_proyecto\Middleware\target\classes started by user in C:\TCS_Proyecto\middleware_tcs_proyecto)
2022-05-25 10:39:47.300  INFO 6720 --- [main] com.midd.core.MiddlewareApplication      : No active profile set, falling back to 1 default profile: "default"
2022-05-25 10:39:48.834  INFO 6720 --- [main] .s.d.r.c.RepositoryConfigurationDelegate : Bootstrapping Spring Data JPA repositories in DEFAULT mode.
2022-05-25 10:39:49.034  INFO 6720 --- [main] .s.d.r.c.RepositoryConfigurationDelegate : Finished Spring Data repository scanning in 179 ms. Found 10 JPA repository interfaces.
2022-05-25 10:39:49.658  INFO 6720 --- [main] trationDelegate$BeanPostProcessorChecker : Bean 'org.springframework.ws.config.annotation.DelegatingWsConfiguration' of type [org.springframework.ws.config.annotation.DelegatingWsConfiguration$$EnhancerBySpringCGLIB$$500668be] is not eligible for getting processed by all BeanPostProcessors (for example: not eligible for auto-proxying)
2022-05-25 10:39:49.734  INFO 6720 --- [main] .w.s.a.s.AnnotationActionEndpointMapping : Supporting [WS-Addressing August 2004, WS-Addressing 1.0]
2022-05-25 10:39:50.435  INFO 6720 --- [main] o.s.b.w.embedded.tomcat.TomcatWebServer  : Tomcat initialized with port(s): 8081 (http)
2022-05-25 10:39:50.473  INFO 6720 --- [main] o.apache.catalina.core.StandardService   : Starting service [Tomcat]
2022-05-25 10:39:50.476  INFO 6720 --- [main] org.apache.catalina.core.StandardEngine  : Starting Servlet engine: [Apache Tomcat/9.0.60]
2022-05-25 10:39:50.683  INFO 6720 --- [main] o.a.c.c.C.[Tomcat].[localhost].[/]       : Initializing Spring embedded WebApplicationContext
2022-05-25 10:39:50.684  INFO 6720 --- [main] w.s.c.ServletWebServerApplicationContext : Root WebApplicationContext: initialization completed in 3241 ms
2022-05-25 10:39:51.129  INFO 6720 --- [main] o.hibernate.jpa.internal.util.LogHelper  : HHH000204: Processing PersistenceUnitInfo [name: default]
2022-05-25 10:39:51.209  INFO 6720 --- [main] org.hibernate.Version                    : HHH000412: Hibernate ORM core version 5.6.7.Final
2022-05-25 10:39:51.473  INFO 6720 --- [main] o.hibernate.annotations.common.Version   : HCANN000001: Hibernate Commons Annotations {5.1.2.Final}
2022-05-25 10:39:51.637  INFO 6720 --- [main] com.zaxxer.hikari.HikariDataSource       : HikariPool-1 - Starting...
2022-05-25 10:39:52.940  INFO 6720 --- [main] com.zaxxer.hikari.HikariDataSource       : HikariPool-1 - Start completed.
2022-05-25 10:39:52.993  INFO 6720 --- [main] org.hibernate.dialect.Dialect            : HHH000400: Using dialect: org.hibernate.dialect.SQLServer2012Dialect
2022-05-25 10:39:54.995  INFO 6720 --- [main] o.h.e.t.j.p.i.JtaPlatformInitiator       : HHH000490: Using JtaPlatform implementation: [org.hibernate.engine.transaction.jta.platform.internal.NoJtaPlatform]
2022-05-25 10:39:55.011  INFO 6720 --- [main] j.LocalContainerEntityManagerFactoryBean : Initialized JPA EntityManagerFactory for persistence unit 'default'
2022-05-25 10:39:55.824  WARN 6720 --- [main] JpaBaseConfiguration$JpaWebConfiguration : spring.jpa.open-in-view is enabled by default. Therefore, database queries may be performed during view rendering. Explicitly configure spring.jpa.open-in-view to disable this warning
2022-05-25 10:39:55.956  WARN 6720 --- [main] .s.s.UserDetailsServiceAutoConfiguration : 

Using generated security password: 60cbd5f6-811a-49f5-8a51-5b70819b8862

This generated password is for development use only. Your security configuration must be updated before running your application in production.

2022-05-25 10:39:56.170  INFO 6720 --- [main] o.s.s.web.DefaultSecurityFilterChain     : Will not secure any request
2022-05-25 10:39:56.599  INFO 6720 --- [main] o.s.b.a.w.s.WelcomePageHandlerMapping    : Adding welcome page template: index
2022-05-25 10:39:56.940  INFO 6720 --- [main] o.s.b.w.embedded.tomcat.TomcatWebServer  : Tomcat started on port(s): 8081 (http) with context path ''
2022-05-25 10:39:56.958  INFO 6720 --- [main] com.midd.core.MiddlewareApplication      : Started MiddlewareApplication in 10.721 seconds (JVM running for 11.46)
2022-05-25 10:40:20.165  INFO 6720 --- [http-nio-8081-exec-2] o.a.c.c.C.[Tomcat].[localhost].[/]       : Initializing Spring DispatcherServlet 'dispatcherServlet'
2022-05-25 10:40:20.166  INFO 6720 --- [http-nio-8081-exec-2] o.s.web.servlet.DispatcherServlet        : Initializing Servlet 'dispatcherServlet'
2022-05-25 10:40:20.168  INFO 6720 --- [http-nio-8081-exec-2] o.s.web.servlet.DispatcherServlet        : Completed initialization in 1 ms
2022-05-25 10:51:56.763  INFO 6720 --- [SpringApplicationShutdownHook] j.LocalContainerEntityManagerFactoryBean : Closing JPA EntityManagerFactory for persistence unit 'default'
2022-05-25 10:51:56.768  INFO 6720 --- [SpringApplicationShutdownHook] com.zaxxer.hikari.HikariDataSource       : HikariPool-1 - Shutdown initiated...
2022-05-25 10:51:56.792  INFO 6720 --- [SpringApplicationShutdownHook] com.zaxxer.hikari.HikariDataSource       : HikariPool-1 - Shutdown completed.
2022-05-25 11:21:54.865  INFO 6316 --- [main] com.midd.core.MiddlewareApplication      : Starting MiddlewareApplication using Java 18.0.1.1 on DESKTOP-9TFUPPJ with PID 6316 (C:\TCS_Proyecto\middleware_tcs_proyecto\Middleware\target\classes started by user in C:\TCS_Proyecto\middleware_tcs_proyecto)
2022-05-25 11:21:54.874  INFO 6316 --- [main] com.midd.core.MiddlewareApplication      : No active profile set, falling back to 1 default profile: "default"
2022-05-25 11:21:56.237  INFO 6316 --- [main] .s.d.r.c.RepositoryConfigurationDelegate : Bootstrapping Spring Data JPA repositories in DEFAULT mode.
2022-05-25 11:21:56.409  INFO 6316 --- [main] .s.d.r.c.RepositoryConfigurationDelegate : Finished Spring Data repository scanning in 151 ms. Found 10 JPA repository interfaces.
2022-05-25 11:21:57.100  INFO 6316 --- [main] trationDelegate$BeanPostProcessorChecker : Bean 'org.springframework.ws.config.annotation.DelegatingWsConfiguration' of type [org.springframework.ws.config.annotation.DelegatingWsConfiguration$$EnhancerBySpringCGLIB$$efc2dd03] is not eligible for getting processed by all BeanPostProcessors (for example: not eligible for auto-proxying)
2022-05-25 11:21:57.182  INFO 6316 --- [main] .w.s.a.s.AnnotationActionEndpointMapping : Supporting [WS-Addressing August 2004, WS-Addressing 1.0]
2022-05-25 11:21:58.039  INFO 6316 --- [main] o.s.b.w.embedded.tomcat.TomcatWebServer  : Tomcat initialized with port(s): 8081 (http)
2022-05-25 11:21:58.062  INFO 6316 --- [main] o.apache.catalina.core.StandardService   : Starting service [Tomcat]
2022-05-25 11:21:58.064  INFO 6316 --- [main] org.apache.catalina.core.StandardEngine  : Starting Servlet engine: [Apache Tomcat/9.0.60]
2022-05-25 11:21:58.308  INFO 6316 --- [main] o.a.c.c.C.[Tomcat].[localhost].[/]       : Initializing Spring embedded WebApplicationContext
2022-05-25 11:21:58.313  INFO 6316 --- [main] w.s.c.ServletWebServerApplicationContext : Root WebApplicationContext: initialization completed in 3336 ms
2022-05-25 11:21:58.931  INFO 6316 --- [main] o.hibernate.jpa.internal.util.LogHelper  : HHH000204: Processing PersistenceUnitInfo [name: default]
2022-05-25 11:21:59.082  INFO 6316 --- [main] org.hibernate.Version                    : HHH000412: Hibernate ORM core version 5.6.7.Final
2022-05-25 11:21:59.391  INFO 6316 --- [main] o.hibernate.annotations.common.Version   : HCANN000001: Hibernate Commons Annotations {5.1.2.Final}
2022-05-25 11:21:59.563  INFO 6316 --- [main] com.zaxxer.hikari.HikariDataSource       : HikariPool-1 - Starting...
2022-05-25 11:22:00.775  INFO 6316 --- [main] com.zaxxer.hikari.HikariDataSource       : HikariPool-1 - Start completed.
2022-05-25 11:22:00.806  INFO 6316 --- [main] org.hibernate.dialect.Dialect            : HHH000400: Using dialect: org.hibernate.dialect.SQLServer2012Dialect
2022-05-25 11:22:02.955  INFO 6316 --- [main] o.h.e.t.j.p.i.JtaPlatformInitiator       : HHH000490: Using JtaPlatform implementation: [org.hibernate.engine.transaction.jta.platform.internal.NoJtaPlatform]
2022-05-25 11:22:02.971  INFO 6316 --- [main] j.LocalContainerEntityManagerFactoryBean : Initialized JPA EntityManagerFactory for persistence unit 'default'
2022-05-25 11:22:04.192  WARN 6316 --- [main] JpaBaseConfiguration$JpaWebConfiguration : spring.jpa.open-in-view is enabled by default. Therefore, database queries may be performed during view rendering. Explicitly configure spring.jpa.open-in-view to disable this warning
2022-05-25 11:22:04.471  WARN 6316 --- [main] .s.s.UserDetailsServiceAutoConfiguration : 

Using generated security password: 736f1828-384a-4aad-a45b-3be6f6bcf375

This generated password is for development use only. Your security configuration must be updated before running your application in production.

2022-05-25 11:22:04.689  INFO 6316 --- [main] o.s.s.web.DefaultSecurityFilterChain     : Will not secure any request
2022-05-25 11:22:05.268  INFO 6316 --- [main] o.s.b.a.w.s.WelcomePageHandlerMapping    : Adding welcome page template: index
2022-05-25 11:22:05.783  INFO 6316 --- [main] o.s.b.w.embedded.tomcat.TomcatWebServer  : Tomcat started on port(s): 8081 (http) with context path ''
2022-05-25 11:22:05.821  INFO 6316 --- [main] com.midd.core.MiddlewareApplication      : Started MiddlewareApplication in 11.704 seconds (JVM running for 12.585)
2022-05-25 11:26:06.561  INFO 6316 --- [SpringApplicationShutdownHook] j.LocalContainerEntityManagerFactoryBean : Closing JPA EntityManagerFactory for persistence unit 'default'
2022-05-25 11:26:06.571  INFO 6316 --- [SpringApplicationShutdownHook] com.zaxxer.hikari.HikariDataSource       : HikariPool-1 - Shutdown initiated...
2022-05-25 11:26:06.587  INFO 6316 --- [SpringApplicationShutdownHook] com.zaxxer.hikari.HikariDataSource       : HikariPool-1 - Shutdown completed.
2022-05-25 11:29:23.196  INFO 9288 --- [main] com.midd.core.MiddlewareApplication      : Starting MiddlewareApplication using Java 18.0.1.1 on DESKTOP-9TFUPPJ with PID 9288 (C:\TCS_Proyecto\middleware_tcs_proyecto\Middleware\target\classes started by user in C:\TCS_Proyecto\middleware_tcs_proyecto)
2022-05-25 11:29:23.201  INFO 9288 --- [main] com.midd.core.MiddlewareApplication      : No active profile set, falling back to 1 default profile: "default"
2022-05-25 11:29:24.774  INFO 9288 --- [main] .s.d.r.c.RepositoryConfigurationDelegate : Bootstrapping Spring Data JPA repositories in DEFAULT mode.
2022-05-25 11:29:24.965  INFO 9288 --- [main] .s.d.r.c.RepositoryConfigurationDelegate : Finished Spring Data repository scanning in 167 ms. Found 10 JPA repository interfaces.
2022-05-25 11:29:25.541  INFO 9288 --- [main] trationDelegate$BeanPostProcessorChecker : Bean 'org.springframework.ws.config.annotation.DelegatingWsConfiguration' of type [org.springframework.ws.config.annotation.DelegatingWsConfiguration$$EnhancerBySpringCGLIB$$a04e81c8] is not eligible for getting processed by all BeanPostProcessors (for example: not eligible for auto-proxying)
2022-05-25 11:29:25.623  INFO 9288 --- [main] .w.s.a.s.AnnotationActionEndpointMapping : Supporting [WS-Addressing August 2004, WS-Addressing 1.0]
2022-05-25 11:29:26.527  INFO 9288 --- [main] o.s.b.w.embedded.tomcat.TomcatWebServer  : Tomcat initialized with port(s): 8081 (http)
2022-05-25 11:29:26.549  INFO 9288 --- [main] o.apache.catalina.core.StandardService   : Starting service [Tomcat]
2022-05-25 11:29:26.550  INFO 9288 --- [main] org.apache.catalina.core.StandardEngine  : Starting Servlet engine: [Apache Tomcat/9.0.60]
2022-05-25 11:29:26.740  INFO 9288 --- [main] o.a.c.c.C.[Tomcat].[localhost].[/]       : Initializing Spring embedded WebApplicationContext
2022-05-25 11:29:26.740  INFO 9288 --- [main] w.s.c.ServletWebServerApplicationContext : Root WebApplicationContext: initialization completed in 3419 ms
2022-05-25 11:29:27.444  INFO 9288 --- [main] o.hibernate.jpa.internal.util.LogHelper  : HHH000204: Processing PersistenceUnitInfo [name: default]
2022-05-25 11:29:27.522  INFO 9288 --- [main] org.hibernate.Version                    : HHH000412: Hibernate ORM core version 5.6.7.Final
2022-05-25 11:29:27.780  INFO 9288 --- [main] o.hibernate.annotations.common.Version   : HCANN000001: Hibernate Commons Annotations {5.1.2.Final}
2022-05-25 11:29:27.963  INFO 9288 --- [main] com.zaxxer.hikari.HikariDataSource       : HikariPool-1 - Starting...
2022-05-25 11:29:29.227  INFO 9288 --- [main] com.zaxxer.hikari.HikariDataSource       : HikariPool-1 - Start completed.
2022-05-25 11:29:29.261  INFO 9288 --- [main] org.hibernate.dialect.Dialect            : HHH000400: Using dialect: org.hibernate.dialect.SQLServer2012Dialect
2022-05-25 11:29:31.114  INFO 9288 --- [main] o.h.e.t.j.p.i.JtaPlatformInitiator       : HHH000490: Using JtaPlatform implementation: [org.hibernate.engine.transaction.jta.platform.internal.NoJtaPlatform]
2022-05-25 11:29:31.134  INFO 9288 --- [main] j.LocalContainerEntityManagerFactoryBean : Initialized JPA EntityManagerFactory for persistence unit 'default'
2022-05-25 11:29:32.345  WARN 9288 --- [main] JpaBaseConfiguration$JpaWebConfiguration : spring.jpa.open-in-view is enabled by default. Therefore, database queries may be performed during view rendering. Explicitly configure spring.jpa.open-in-view to disable this warning
2022-05-25 11:29:32.443  WARN 9288 --- [main] .s.s.UserDetailsServiceAutoConfiguration : 

Using generated security password: d7c8632a-b13c-47f0-a286-d37250ce03eb

This generated password is for development use only. Your security configuration must be updated before running your application in production.

2022-05-25 11:29:32.590  INFO 9288 --- [main] o.s.s.web.DefaultSecurityFilterChain     : Will not secure any request
2022-05-25 11:29:33.063  INFO 9288 --- [main] o.s.b.a.w.s.WelcomePageHandlerMapping    : Adding welcome page template: index
2022-05-25 11:29:33.431  INFO 9288 --- [main] o.s.b.w.embedded.tomcat.TomcatWebServer  : Tomcat started on port(s): 8081 (http) with context path ''
2022-05-25 11:29:33.447  INFO 9288 --- [main] com.midd.core.MiddlewareApplication      : Started MiddlewareApplication in 11.107 seconds (JVM running for 11.792)
2022-05-25 11:29:52.614  INFO 9288 --- [http-nio-8081-exec-1] o.a.c.c.C.[Tomcat].[localhost].[/]       : Initializing Spring DispatcherServlet 'dispatcherServlet'
2022-05-25 11:29:52.614  INFO 9288 --- [http-nio-8081-exec-1] o.s.web.servlet.DispatcherServlet        : Initializing Servlet 'dispatcherServlet'
2022-05-25 11:29:52.619  INFO 9288 --- [http-nio-8081-exec-1] o.s.web.servlet.DispatcherServlet        : Completed initialization in 5 ms
2022-05-25 12:27:25.867  INFO 7996 --- [main] com.midd.core.MiddlewareApplication      : Starting MiddlewareApplication using Java 18.0.1.1 on DESKTOP-9TFUPPJ with PID 7996 (C:\TCS_Proyecto\middleware_tcs_proyecto\Middleware\target\classes started by user in C:\TCS_Proyecto\middleware_tcs_proyecto)
2022-05-25 12:27:25.871  INFO 7996 --- [main] com.midd.core.MiddlewareApplication      : No active profile set, falling back to 1 default profile: "default"
2022-05-25 12:27:27.470  INFO 7996 --- [main] .s.d.r.c.RepositoryConfigurationDelegate : Bootstrapping Spring Data JPA repositories in DEFAULT mode.
2022-05-25 12:27:27.638  INFO 7996 --- [main] .s.d.r.c.RepositoryConfigurationDelegate : Finished Spring Data repository scanning in 146 ms. Found 10 JPA repository interfaces.
2022-05-25 12:27:28.338  INFO 7996 --- [main] trationDelegate$BeanPostProcessorChecker : Bean 'org.springframework.ws.config.annotation.DelegatingWsConfiguration' of type [org.springframework.ws.config.annotation.DelegatingWsConfiguration$$EnhancerBySpringCGLIB$$9cf70af5] is not eligible for getting processed by all BeanPostProcessors (for example: not eligible for auto-proxying)
2022-05-25 12:27:28.430  INFO 7996 --- [main] .w.s.a.s.AnnotationActionEndpointMapping : Supporting [WS-Addressing August 2004, WS-Addressing 1.0]
2022-05-25 12:27:29.335  INFO 7996 --- [main] o.s.b.w.embedded.tomcat.TomcatWebServer  : Tomcat initialized with port(s): 8081 (http)
2022-05-25 12:27:29.367  INFO 7996 --- [main] o.apache.catalina.core.StandardService   : Starting service [Tomcat]
2022-05-25 12:27:29.368  INFO 7996 --- [main] org.apache.catalina.core.StandardEngine  : Starting Servlet engine: [Apache Tomcat/9.0.60]
2022-05-25 12:27:29.658  INFO 7996 --- [main] o.a.c.c.C.[Tomcat].[localhost].[/]       : Initializing Spring embedded WebApplicationContext
2022-05-25 12:27:29.659  INFO 7996 --- [main] w.s.c.ServletWebServerApplicationContext : Root WebApplicationContext: initialization completed in 3668 ms
2022-05-25 12:27:30.175  INFO 7996 --- [main] o.hibernate.jpa.internal.util.LogHelper  : HHH000204: Processing PersistenceUnitInfo [name: default]
2022-05-25 12:27:30.283  INFO 7996 --- [main] org.hibernate.Version                    : HHH000412: Hibernate ORM core version 5.6.7.Final
2022-05-25 12:27:30.602  INFO 7996 --- [main] o.hibernate.annotations.common.Version   : HCANN000001: Hibernate Commons Annotations {5.1.2.Final}
2022-05-25 12:27:30.843  INFO 7996 --- [main] com.zaxxer.hikari.HikariDataSource       : HikariPool-1 - Starting...
2022-05-25 12:27:32.431  INFO 7996 --- [main] com.zaxxer.hikari.HikariDataSource       : HikariPool-1 - Start completed.
2022-05-25 12:27:32.472  INFO 7996 --- [main] org.hibernate.dialect.Dialect            : HHH000400: Using dialect: org.hibernate.dialect.SQLServer2012Dialect
2022-05-25 12:27:34.745  INFO 7996 --- [main] o.h.e.t.j.p.i.JtaPlatformInitiator       : HHH000490: Using JtaPlatform implementation: [org.hibernate.engine.transaction.jta.platform.internal.NoJtaPlatform]
2022-05-25 12:27:34.760  INFO 7996 --- [main] j.LocalContainerEntityManagerFactoryBean : Initialized JPA EntityManagerFactory for persistence unit 'default'
2022-05-25 12:27:35.688  WARN 7996 --- [main] JpaBaseConfiguration$JpaWebConfiguration : spring.jpa.open-in-view is enabled by default. Therefore, database queries may be performed during view rendering. Explicitly configure spring.jpa.open-in-view to disable this warning
2022-05-25 12:27:35.830  WARN 7996 --- [main] .s.s.UserDetailsServiceAutoConfiguration : 

Using generated security password: 8f72e045-fd0a-433a-9ac6-036bae817860

This generated password is for development use only. Your security configuration must be updated before running your application in production.

2022-05-25 12:27:36.038  INFO 7996 --- [main] o.s.s.web.DefaultSecurityFilterChain     : Will not secure any request
2022-05-25 12:27:36.450  INFO 7996 --- [main] o.s.b.a.w.s.WelcomePageHandlerMapping    : Adding welcome page template: index
2022-05-25 12:27:36.818  INFO 7996 --- [main] o.s.b.w.embedded.tomcat.TomcatWebServer  : Tomcat started on port(s): 8081 (http) with context path ''
2022-05-25 12:27:36.833  INFO 7996 --- [main] com.midd.core.MiddlewareApplication      : Started MiddlewareApplication in 11.898 seconds (JVM running for 12.952)
2022-05-25 12:27:46.380  INFO 7996 --- [http-nio-8081-exec-1] o.a.c.c.C.[Tomcat].[localhost].[/]       : Initializing Spring DispatcherServlet 'dispatcherServlet'
2022-05-25 12:27:46.381  INFO 7996 --- [http-nio-8081-exec-1] o.s.web.servlet.DispatcherServlet        : Initializing Servlet 'dispatcherServlet'
2022-05-25 12:27:46.385  INFO 7996 --- [http-nio-8081-exec-1] o.s.web.servlet.DispatcherServlet        : Completed initialization in 2 ms
2022-05-25 12:29:42.223  WARN 7996 --- [http-nio-8081-exec-7] .w.s.m.s.DefaultHandlerExceptionResolver : Resolved [org.springframework.web.HttpRequestMethodNotSupportedException: Request method 'GET' not supported]
2022-05-25 12:30:11.161  WARN 7996 --- [http-nio-8081-exec-8] .w.s.m.s.DefaultHandlerExceptionResolver : Resolved [org.springframework.http.converter.HttpMessageNotReadableException: Required request body is missing: public org.springframework.http.ResponseEntity<?> com.midd.core.RecursosAsignacionesProyecto.obtenerAsignaciones(com.midd.core.modelo.AsignacionProyecto)]
2022-05-25 12:33:47.250  WARN 7996 --- [http-nio-8081-exec-7] .w.s.m.s.DefaultHandlerExceptionResolver : Resolved [org.springframework.web.HttpRequestMethodNotSupportedException: Request method 'GET' not supported]
2022-05-25 12:46:31.519  INFO 2996 --- [main] com.midd.core.MiddlewareApplication      : Starting MiddlewareApplication using Java 18.0.1.1 on DESKTOP-9TFUPPJ with PID 2996 (C:\TCS_Proyecto\middleware_tcs_proyecto\Middleware\target\classes started by user in C:\TCS_Proyecto\middleware_tcs_proyecto)
2022-05-25 12:46:31.530  INFO 2996 --- [main] com.midd.core.MiddlewareApplication      : No active profile set, falling back to 1 default profile: "default"
2022-05-25 12:46:33.091  INFO 2996 --- [main] .s.d.r.c.RepositoryConfigurationDelegate : Bootstrapping Spring Data JPA repositories in DEFAULT mode.
2022-05-25 12:46:33.292  INFO 2996 --- [main] .s.d.r.c.RepositoryConfigurationDelegate : Finished Spring Data repository scanning in 177 ms. Found 10 JPA repository interfaces.
2022-05-25 12:46:33.982  INFO 2996 --- [main] trationDelegate$BeanPostProcessorChecker : Bean 'org.springframework.ws.config.annotation.DelegatingWsConfiguration' of type [org.springframework.ws.config.annotation.DelegatingWsConfiguration$$EnhancerBySpringCGLIB$$c385c4df] is not eligible for getting processed by all BeanPostProcessors (for example: not eligible for auto-proxying)
2022-05-25 12:46:34.067  INFO 2996 --- [main] .w.s.a.s.AnnotationActionEndpointMapping : Supporting [WS-Addressing August 2004, WS-Addressing 1.0]
2022-05-25 12:46:34.906  INFO 2996 --- [main] o.s.b.w.embedded.tomcat.TomcatWebServer  : Tomcat initialized with port(s): 8081 (http)
2022-05-25 12:46:34.932  INFO 2996 --- [main] o.apache.catalina.core.StandardService   : Starting service [Tomcat]
2022-05-25 12:46:34.933  INFO 2996 --- [main] org.apache.catalina.core.StandardEngine  : Starting Servlet engine: [Apache Tomcat/9.0.60]
2022-05-25 12:46:35.176  INFO 2996 --- [main] o.a.c.c.C.[Tomcat].[localhost].[/]       : Initializing Spring embedded WebApplicationContext
2022-05-25 12:46:35.181  INFO 2996 --- [main] w.s.c.ServletWebServerApplicationContext : Root WebApplicationContext: initialization completed in 3518 ms
2022-05-25 12:46:35.699  INFO 2996 --- [main] o.hibernate.jpa.internal.util.LogHelper  : HHH000204: Processing PersistenceUnitInfo [name: default]
2022-05-25 12:46:35.813  INFO 2996 --- [main] org.hibernate.Version                    : HHH000412: Hibernate ORM core version 5.6.7.Final
2022-05-25 12:46:36.142  INFO 2996 --- [main] o.hibernate.annotations.common.Version   : HCANN000001: Hibernate Commons Annotations {5.1.2.Final}
2022-05-25 12:46:36.358  INFO 2996 --- [main] com.zaxxer.hikari.HikariDataSource       : HikariPool-1 - Starting...
2022-05-25 12:46:38.005  INFO 2996 --- [main] com.zaxxer.hikari.HikariDataSource       : HikariPool-1 - Start completed.
2022-05-25 12:46:38.049  INFO 2996 --- [main] org.hibernate.dialect.Dialect            : HHH000400: Using dialect: org.hibernate.dialect.SQLServer2012Dialect
2022-05-25 12:46:40.468  INFO 2996 --- [main] o.h.e.t.j.p.i.JtaPlatformInitiator       : HHH000490: Using JtaPlatform implementation: [org.hibernate.engine.transaction.jta.platform.internal.NoJtaPlatform]
2022-05-25 12:46:40.494  INFO 2996 --- [main] j.LocalContainerEntityManagerFactoryBean : Initialized JPA EntityManagerFactory for persistence unit 'default'
2022-05-25 12:46:41.558  WARN 2996 --- [main] JpaBaseConfiguration$JpaWebConfiguration : spring.jpa.open-in-view is enabled by default. Therefore, database queries may be performed during view rendering. Explicitly configure spring.jpa.open-in-view to disable this warning
2022-05-25 12:46:41.767  WARN 2996 --- [main] .s.s.UserDetailsServiceAutoConfiguration : 

Using generated security password: 834c3beb-f8bc-4317-b795-31c683b25a96

This generated password is for development use only. Your security configuration must be updated before running your application in production.

2022-05-25 12:46:41.956  INFO 2996 --- [main] o.s.s.web.DefaultSecurityFilterChain     : Will not secure any request
2022-05-25 12:46:42.351  INFO 2996 --- [main] o.s.b.a.w.s.WelcomePageHandlerMapping    : Adding welcome page template: index
2022-05-25 12:46:42.747  INFO 2996 --- [main] o.s.b.w.embedded.tomcat.TomcatWebServer  : Tomcat started on port(s): 8081 (http) with context path ''
2022-05-25 12:46:42.766  INFO 2996 --- [main] com.midd.core.MiddlewareApplication      : Started MiddlewareApplication in 12.194 seconds (JVM running for 13.064)
2022-05-25 12:47:03.321  INFO 2996 --- [http-nio-8081-exec-1] o.a.c.c.C.[Tomcat].[localhost].[/]       : Initializing Spring DispatcherServlet 'dispatcherServlet'
2022-05-25 12:47:03.322  INFO 2996 --- [http-nio-8081-exec-1] o.s.web.servlet.DispatcherServlet        : Initializing Servlet 'dispatcherServlet'
2022-05-25 12:47:03.325  INFO 2996 --- [http-nio-8081-exec-1] o.s.web.servlet.DispatcherServlet        : Completed initialization in 2 ms
2022-05-25 12:49:14.188  INFO 15788 --- [main] com.midd.core.MiddlewareApplication      : Starting MiddlewareApplication using Java 18.0.1.1 on DESKTOP-9TFUPPJ with PID 15788 (C:\TCS_Proyecto\middleware_tcs_proyecto\Middleware\target\classes started by user in C:\TCS_Proyecto\middleware_tcs_proyecto)
2022-05-25 12:49:14.194  INFO 15788 --- [main] com.midd.core.MiddlewareApplication      : No active profile set, falling back to 1 default profile: "default"
2022-05-25 12:49:15.790  INFO 15788 --- [main] .s.d.r.c.RepositoryConfigurationDelegate : Bootstrapping Spring Data JPA repositories in DEFAULT mode.
2022-05-25 12:49:16.149  INFO 15788 --- [main] .s.d.r.c.RepositoryConfigurationDelegate : Finished Spring Data repository scanning in 335 ms. Found 10 JPA repository interfaces.
2022-05-25 12:49:17.394  INFO 15788 --- [main] trationDelegate$BeanPostProcessorChecker : Bean 'org.springframework.ws.config.annotation.DelegatingWsConfiguration' of type [org.springframework.ws.config.annotation.DelegatingWsConfiguration$$EnhancerBySpringCGLIB$$8002d069] is not eligible for getting processed by all BeanPostProcessors (for example: not eligible for auto-proxying)
2022-05-25 12:49:17.515  INFO 15788 --- [main] .w.s.a.s.AnnotationActionEndpointMapping : Supporting [WS-Addressing August 2004, WS-Addressing 1.0]
2022-05-25 12:49:18.898  INFO 15788 --- [main] o.s.b.w.embedded.tomcat.TomcatWebServer  : Tomcat initialized with port(s): 8081 (http)
2022-05-25 12:49:18.962  INFO 15788 --- [main] o.apache.catalina.core.StandardService   : Starting service [Tomcat]
2022-05-25 12:49:18.983  INFO 15788 --- [main] org.apache.catalina.core.StandardEngine  : Starting Servlet engine: [Apache Tomcat/9.0.60]
2022-05-25 12:49:19.319  INFO 15788 --- [main] o.a.c.c.C.[Tomcat].[localhost].[/]       : Initializing Spring embedded WebApplicationContext
2022-05-25 12:49:19.319  INFO 15788 --- [main] w.s.c.ServletWebServerApplicationContext : Root WebApplicationContext: initialization completed in 5030 ms
2022-05-25 12:49:19.838  INFO 15788 --- [main] o.hibernate.jpa.internal.util.LogHelper  : HHH000204: Processing PersistenceUnitInfo [name: default]
2022-05-25 12:49:19.925  INFO 15788 --- [main] org.hibernate.Version                    : HHH000412: Hibernate ORM core version 5.6.7.Final
2022-05-25 12:49:20.224  INFO 15788 --- [main] o.hibernate.annotations.common.Version   : HCANN000001: Hibernate Commons Annotations {5.1.2.Final}
2022-05-25 12:49:20.412  INFO 15788 --- [main] com.zaxxer.hikari.HikariDataSource       : HikariPool-1 - Starting...
2022-05-25 12:49:22.001  INFO 15788 --- [main] com.zaxxer.hikari.HikariDataSource       : HikariPool-1 - Start completed.
2022-05-25 12:49:22.047  INFO 15788 --- [main] org.hibernate.dialect.Dialect            : HHH000400: Using dialect: org.hibernate.dialect.SQLServer2012Dialect
2022-05-25 12:49:24.368  INFO 15788 --- [main] o.h.e.t.j.p.i.JtaPlatformInitiator       : HHH000490: Using JtaPlatform implementation: [org.hibernate.engine.transaction.jta.platform.internal.NoJtaPlatform]
2022-05-25 12:49:24.401  INFO 15788 --- [main] j.LocalContainerEntityManagerFactoryBean : Initialized JPA EntityManagerFactory for persistence unit 'default'
2022-05-25 12:49:25.624  WARN 15788 --- [main] JpaBaseConfiguration$JpaWebConfiguration : spring.jpa.open-in-view is enabled by default. Therefore, database queries may be performed during view rendering. Explicitly configure spring.jpa.open-in-view to disable this warning
2022-05-25 12:49:25.825  WARN 15788 --- [main] .s.s.UserDetailsServiceAutoConfiguration : 

Using generated security password: a2f9c75c-792b-4691-a7da-8d086a780e08

This generated password is for development use only. Your security configuration must be updated before running your application in production.

2022-05-25 12:49:26.038  INFO 15788 --- [main] o.s.s.web.DefaultSecurityFilterChain     : Will not secure any request
2022-05-25 12:49:26.532  INFO 15788 --- [main] o.s.b.a.w.s.WelcomePageHandlerMapping    : Adding welcome page template: index
2022-05-25 12:49:27.005  INFO 15788 --- [main] o.s.b.w.embedded.tomcat.TomcatWebServer  : Tomcat started on port(s): 8081 (http) with context path ''
2022-05-25 12:49:27.031  INFO 15788 --- [main] com.midd.core.MiddlewareApplication      : Started MiddlewareApplication in 13.682 seconds (JVM running for 14.467)
2022-05-25 12:50:35.611  INFO 9596 --- [main] com.midd.core.MiddlewareApplication      : Starting MiddlewareApplication using Java 18.0.1.1 on DESKTOP-9TFUPPJ with PID 9596 (C:\TCS_Proyecto\middleware_tcs_proyecto\Middleware\target\classes started by user in C:\TCS_Proyecto\middleware_tcs_proyecto)
2022-05-25 12:50:35.617  INFO 9596 --- [main] com.midd.core.MiddlewareApplication      : No active profile set, falling back to 1 default profile: "default"
2022-05-25 12:50:37.311  INFO 9596 --- [main] .s.d.r.c.RepositoryConfigurationDelegate : Bootstrapping Spring Data JPA repositories in DEFAULT mode.
2022-05-25 12:50:37.520  INFO 9596 --- [main] .s.d.r.c.RepositoryConfigurationDelegate : Finished Spring Data repository scanning in 190 ms. Found 10 JPA repository interfaces.
2022-05-25 12:50:38.277  INFO 9596 --- [main] trationDelegate$BeanPostProcessorChecker : Bean 'org.springframework.ws.config.annotation.DelegatingWsConfiguration' of type [org.springframework.ws.config.annotation.DelegatingWsConfiguration$$EnhancerBySpringCGLIB$$30a3b299] is not eligible for getting processed by all BeanPostProcessors (for example: not eligible for auto-proxying)
2022-05-25 12:50:38.354  INFO 9596 --- [main] .w.s.a.s.AnnotationActionEndpointMapping : Supporting [WS-Addressing August 2004, WS-Addressing 1.0]
2022-05-25 12:50:39.300  INFO 9596 --- [main] o.s.b.w.embedded.tomcat.TomcatWebServer  : Tomcat initialized with port(s): 8081 (http)
2022-05-25 12:50:39.320  INFO 9596 --- [main] o.apache.catalina.core.StandardService   : Starting service [Tomcat]
2022-05-25 12:50:39.320  INFO 9596 --- [main] org.apache.catalina.core.StandardEngine  : Starting Servlet engine: [Apache Tomcat/9.0.60]
2022-05-25 12:50:39.552  INFO 9596 --- [main] o.a.c.c.C.[Tomcat].[localhost].[/]       : Initializing Spring embedded WebApplicationContext
2022-05-25 12:50:39.553  INFO 9596 --- [main] w.s.c.ServletWebServerApplicationContext : Root WebApplicationContext: initialization completed in 3806 ms
2022-05-25 12:50:40.278  INFO 9596 --- [main] o.hibernate.jpa.internal.util.LogHelper  : HHH000204: Processing PersistenceUnitInfo [name: default]
2022-05-25 12:50:40.392  INFO 9596 --- [main] org.hibernate.Version                    : HHH000412: Hibernate ORM core version 5.6.7.Final
2022-05-25 12:50:40.691  INFO 9596 --- [main] o.hibernate.annotations.common.Version   : HCANN000001: Hibernate Commons Annotations {5.1.2.Final}
2022-05-25 12:50:40.909  INFO 9596 --- [main] com.zaxxer.hikari.HikariDataSource       : HikariPool-1 - Starting...
2022-05-25 12:50:42.227  INFO 9596 --- [main] com.zaxxer.hikari.HikariDataSource       : HikariPool-1 - Start completed.
2022-05-25 12:50:42.263  INFO 9596 --- [main] org.hibernate.dialect.Dialect            : HHH000400: Using dialect: org.hibernate.dialect.SQLServer2012Dialect
2022-05-25 12:50:44.300  INFO 9596 --- [main] o.h.e.t.j.p.i.JtaPlatformInitiator       : HHH000490: Using JtaPlatform implementation: [org.hibernate.engine.transaction.jta.platform.internal.NoJtaPlatform]
2022-05-25 12:50:44.324  INFO 9596 --- [main] j.LocalContainerEntityManagerFactoryBean : Initialized JPA EntityManagerFactory for persistence unit 'default'
2022-05-25 12:50:45.718  WARN 9596 --- [main] JpaBaseConfiguration$JpaWebConfiguration : spring.jpa.open-in-view is enabled by default. Therefore, database queries may be performed during view rendering. Explicitly configure spring.jpa.open-in-view to disable this warning
2022-05-25 12:50:45.959  WARN 9596 --- [main] .s.s.UserDetailsServiceAutoConfiguration : 

Using generated security password: 7b0f800e-dc96-428e-8f68-92d7f7778eb7

This generated password is for development use only. Your security configuration must be updated before running your application in production.

2022-05-25 12:50:46.217  INFO 9596 --- [main] o.s.s.web.DefaultSecurityFilterChain     : Will not secure any request
2022-05-25 12:50:46.903  INFO 9596 --- [main] o.s.b.a.w.s.WelcomePageHandlerMapping    : Adding welcome page template: index
2022-05-25 12:50:47.612  INFO 9596 --- [main] o.s.b.w.embedded.tomcat.TomcatWebServer  : Tomcat started on port(s): 8081 (http) with context path ''
2022-05-25 12:50:47.631  INFO 9596 --- [main] com.midd.core.MiddlewareApplication      : Started MiddlewareApplication in 12.871 seconds (JVM running for 13.745)
2022-05-25 12:51:20.878  INFO 9596 --- [http-nio-8081-exec-2] o.a.c.c.C.[Tomcat].[localhost].[/]       : Initializing Spring DispatcherServlet 'dispatcherServlet'
2022-05-25 12:51:20.879  INFO 9596 --- [http-nio-8081-exec-2] o.s.web.servlet.DispatcherServlet        : Initializing Servlet 'dispatcherServlet'
2022-05-25 12:51:20.880  INFO 9596 --- [http-nio-8081-exec-2] o.s.web.servlet.DispatcherServlet        : Completed initialization in 1 ms
